<?xml version="1.0" encoding="UTF-8"?>
<!-- Generated by org.testng.reporters.JUnitXMLReporter -->
<testsuite ignored="1" hostname="Sumayya_PC" failures="0" tests="2" name="Submit Order Test" time="54.485" errors="0" timestamp="2024-08-15T02:02:57 CDT">
  <testcase classname="XCompany.TestCases.SubmitOrder" name="submitOrder" time="22.751"/>
  <testcase classname="XCompany.TestCases.SubmitOrder" name="submitOrder" time="23.688"/>
  <testcase classname="XCompany.TestCases.SubmitOrder" name="OrderHistory" time="0.0">
    <ignored/>
  </testcase> <!-- OrderHistory -->
</testsuite> <!-- Submit Order Test -->
